2023-11-15T13:24:29.729Z
cwd: ~/Documents/prototype/GitLab/maternity-allowance
package: govuk-prototype-kit@13.15.0
argv: /usr/local/bin/node ~/.npm/_npx/751a68202a4807b7/node_modules/.bin/govuk-prototype-kit migrate
Started [Check migration is being applied to a pre v13 prototype]
Succeeded [Check migration is being applied to a pre v13 prototype]
2023-11-15T13:24:57.940Z
cwd: ~/Documents/prototype/GitLab/maternity-allowance
package: govuk-prototype-kit@13.15.0
argv: /usr/local/bin/node ~/Documents/prototype/GitLab/maternity-allowance/node_modules/.bin/govuk-prototype-kit migrate -- ~/Documents/prototype/GitLab/maternity-allowance
Started [Migrate config.js to config.json]
Started [Update application SCSS file]
Started [Deleted files that are no longer needed]
Started [Deleted directories that are no longer needed]
Started [Delete listen-on-port.js]
Started [Delete start.js]
Started [Delete gulpfile.js]
Started [Delete VERSION.txt]
Started [Delete Procfile]
Started [Delete app/assets/sass/application-ie8.scss]
Started [Delete server.js]
Started [Delete app/assets/sass/unbranded-ie8.scss]
Started [Remove unused directory docs]
Started [Remove unused directory gulp]
Started [Remove unused directory lib]
Succeeded [Migrate config.js to config.json]
Succeeded [Delete listen-on-port.js]
Succeeded [Delete gulpfile.js]
Succeeded [Delete start.js]
Succeeded [Delete app/assets/sass/application-ie8.scss]
Succeeded [Delete VERSION.txt]
Succeeded [Delete Procfile]
Succeeded [Delete server.js]
Succeeded [Delete app/assets/sass/unbranded-ie8.scss]
Succeeded [Deleted files that are no longer needed]
Could not found [// Add your routes here - above the module.exports line] in [app/routes.js], aborting
Started [Overwrite app/filters.js]
Started [Overwrite app/views/layout.html]
Found [// Add extra styles here, or re-organise the Sass files in whichever way makes most sense to you] in [app/assets/sass/application.scss], replacing
Started [Overwrite app/assets/javascripts/application.js]
Failed [Update routes file]
Started [Delete app/assets/images/separator-2x.png]
Started [Delete app/assets/images/unbranded.ico]
Started [Delete app/assets/images/separator.png]
Started [Delete app/assets/javascripts/auto-store-data.js]
Started [Delete app/views/includes/head.html]
Started [Delete app/assets/sass/unbranded.scss]
Started [Delete app/views/layout_unbranded.html]
Started [Delete app/views/includes/breadcrumb_examples.html]
Started [Delete app/assets/sass/patterns/_related-items.scss]
Started [Update app/filters.js]
Started [Delete app/assets/sass/patterns/_task-list.scss]
Started [Delete app/assets/sass/patterns/_step-by-step-nav.scss]
Started [Delete app/views/includes/scripts.html]
Failed [Overwrite app/views/layout.html]
Keeping these lines from old file
Started [Update app/assets/javascripts/application.js]
Started [Delete app/assets/sass/patterns/_step-by-step-header.scss]
Started [Delete app/assets/sass/patterns/_step-by-step-related.scss]
Started [Delete app/assets/javascripts/jquery-1.11.3.js]
Succeeded [Remove unused directory gulp]
Succeeded [Delete app/assets/images/separator-2x.png]
Succeeded [Delete app/assets/images/unbranded.ico]
Succeeded [Delete app/assets/javascripts/auto-store-data.js]
Succeeded [Delete app/views/includes/head.html]
Succeeded [Delete app/assets/images/separator.png]
Succeeded [Delete app/assets/sass/unbranded.scss]
Succeeded [Delete app/views/layout_unbranded.html]
Succeeded [Delete app/views/includes/breadcrumb_examples.html]
Succeeded [Delete app/assets/sass/patterns/_related-items.scss]
Succeeded [Delete app/assets/sass/patterns/_task-list.scss]
Succeeded [Delete app/assets/sass/patterns/_step-by-step-nav.scss]
Succeeded [Delete app/views/includes/scripts.html]
Succeeded [Delete app/assets/sass/patterns/_step-by-step-header.scss]
Succeeded [Update application SCSS file]
Succeeded [Delete app/assets/javascripts/jquery-1.11.3.js]
Succeeded [Delete app/assets/sass/patterns/_step-by-step-related.scss]
Succeeded [Update app/assets/javascripts/application.js]
Succeeded [Overwrite app/assets/javascripts/application.js]
Succeeded [Remove unused directory lib]
Succeeded [Update app/filters.js]
Succeeded [Overwrite app/filters.js]
Succeeded [Remove unused directory docs]
Succeeded [Deleted directories that are no longer needed]
ENOENT: no such file or directory, stat '/Users/jagdip.purewal/Documents/prototype/GitLab/maternity-allowance/app/views/layout_unbranded.html'
Error: ENOENT: no such file or directory, stat '/Users/jagdip.purewal/Documents/prototype/GitLab/maternity-allowance/app/views/layout_unbranded.html'
2023-11-15T16:12:38.049Z
cwd: ~/Documents/prototype/GitLab/maternity-allowance
package: govuk-prototype-kit@13.15.0
argv: /usr/local/bin/node ~/Documents/prototype/GitLab/maternity-allowance/node_modules/.bin/govuk-prototype-kit migrate
Started [Check migration is being applied to a pre v13 prototype]
Succeeded [Check migration is being applied to a pre v13 prototype]
2023-11-15T16:12:41.812Z
cwd: ~/Documents/prototype/GitLab/maternity-allowance
package: govuk-prototype-kit@13.15.0
argv: /usr/local/bin/node ~/Documents/prototype/GitLab/maternity-allowance/node_modules/.bin/govuk-prototype-kit migrate -- ~/Documents/prototype/GitLab/maternity-allowance
Started [Migrate config.js to config.json]
Started [Update application SCSS file]
Started [Deleted files that are no longer needed]
Started [Deleted directories that are no longer needed]
Started [Delete listen-on-port.js]
Started [Delete start.js]
Started [Delete server.js]
Started [Delete gulpfile.js]
Started [Delete Procfile]
Started [Delete app/assets/sass/application-ie8.scss]
Started [Delete VERSION.txt]
Started [Delete app/assets/sass/unbranded-ie8.scss]
Started [Remove unused directory docs]
Started [Remove unused directory gulp]
Started [Remove unused directory lib]
Succeeded [Migrate config.js to config.json]
Succeeded [Delete listen-on-port.js]
Succeeded [Delete gulpfile.js]
Succeeded [Delete server.js]
Succeeded [Delete start.js]
Succeeded [Delete app/assets/sass/application-ie8.scss]
Succeeded [Delete Procfile]
Succeeded [Delete VERSION.txt]
Succeeded [Delete app/assets/sass/unbranded-ie8.scss]
Succeeded [Deleted files that are no longer needed]
Could not found [// Add your routes here - above the module.exports line] in [app/routes.js], aborting
Started [Overwrite app/assets/javascripts/application.js]
Failed [Update routes file]
Started [Delete app/assets/images/separator-2x.png]
Could not found [// Add extra styles here, or re-organise the Sass files in whichever way makes most sense to you] in [app/assets/sass/application.scss], aborting
Started [Overwrite app/views/layout.html]
Started [Overwrite app/filters.js]
Started [Delete app/assets/images/unbranded.ico]
Started [Delete app/assets/images/separator.png]
Started [Delete app/assets/sass/unbranded.scss]
Started [Delete app/assets/javascripts/auto-store-data.js]
Started [Delete app/views/includes/breadcrumb_examples.html]
Started [Delete app/views/includes/head.html]
Started [Delete app/views/includes/scripts.html]
Started [Delete app/assets/sass/patterns/_related-items.scss]
Started [Delete app/views/layout_unbranded.html]
Started [Delete app/assets/javascripts/jquery-1.11.3.js]
Started [Delete app/assets/sass/patterns/_step-by-step-header.scss]
Started [Delete app/assets/sass/patterns/_step-by-step-related.scss]
Started [Update app/assets/javascripts/application.js]
Started [Delete app/assets/sass/patterns/_task-list.scss]
Failed [Update application SCSS file]
Started [Delete app/assets/sass/patterns/_step-by-step-nav.scss]
Failed [Overwrite app/views/layout.html]
Started [Update app/filters.js]
Succeeded [Remove unused directory gulp]
Succeeded [Delete app/assets/images/separator-2x.png]
Succeeded [Delete app/assets/images/unbranded.ico]
Succeeded [Delete app/assets/images/separator.png]
Succeeded [Delete app/views/includes/head.html]
Succeeded [Delete app/assets/sass/patterns/_related-items.scss]
Succeeded [Delete app/assets/javascripts/auto-store-data.js]
Succeeded [Delete app/assets/sass/unbranded.scss]
Succeeded [Delete app/views/includes/breadcrumb_examples.html]
Succeeded [Delete app/views/includes/scripts.html]
Succeeded [Delete app/views/layout_unbranded.html]
Succeeded [Delete app/assets/sass/patterns/_step-by-step-header.scss]
Succeeded [Delete app/assets/javascripts/jquery-1.11.3.js]
Succeeded [Delete app/assets/sass/patterns/_step-by-step-related.scss]
Succeeded [Delete app/assets/sass/patterns/_task-list.scss]
Succeeded [Delete app/assets/sass/patterns/_step-by-step-nav.scss]
Failed [Update app/filters.js]
Failed [Overwrite app/filters.js]
Succeeded [Update app/assets/javascripts/application.js]
Succeeded [Overwrite app/assets/javascripts/application.js]
Succeeded [Remove unused directory lib]
Succeeded [Remove unused directory docs]
Succeeded [Deleted directories that are no longer needed]
ENOENT: no such file or directory, stat '/Users/jagdip.purewal/Documents/prototype/GitLab/maternity-allowance/app/views/layout_unbranded.html'
Error: ENOENT: no such file or directory, stat '/Users/jagdip.purewal/Documents/prototype/GitLab/maternity-allowance/app/views/layout_unbranded.html'
